<?xml version="1.0" encoding="UTF-8"?>
<testng-results ignored="0" total="0" passed="0" failed="0" skipped="0">
  <reporter-output>
  </reporter-output>
  <suite started-at="2019-09-19T04:40:56Z" name="home.TestSocialMedia" finished-at="2019-09-19T04:40:56Z" duration-ms="9">
    <groups>
    </groups>
    <test started-at="2019-09-19T04:40:56Z" name="Command line test" finished-at="2019-09-19T04:40:56Z" duration-ms="9">
    </test> <!-- Command line test -->
  </suite> <!-- home.TestSocialMedia -->
</testng-results>
